<?xml version="1.0" encoding="UTF-8"?>
<!-- Generated by org.testng.reporters.JUnitReportReporter -->
<testsuite hostname="GL552VW-DM351T" failures="0" tests="4" name="CalcTest" time="0.016" errors="0" timestamp="26 черв. 2019 09:23:39 GMT" skipped="0">
  <testcase classname="CalcTest" name="testDiv" time="0.016"/>
  <testcase classname="CalcTest" name="testMult" time="0.000"/>
  <testcase classname="CalcTest" name="testMinus" time="0.000"/>
  <testcase classname="CalcTest" name="testSum" time="0.000"/>
</testsuite> <!-- CalcTest -->
